<?xml version="1.0" encoding="UTF-8"?>
<!-- Generated by org.testng.reporters.JUnitXMLReporter -->
<testsuite ignored="4" hostname="ShikiOri" failures="0" tests="1" name="Test email null1" time="12.678" errors="0" timestamp="2021-12-08T15:10:18 ICT">
  <testcase classname="AddUser.AddUserTest" name="checkFocusUserAndEmail" time="0.238"/>
  <testcase classname="AddUser.AddUserTest" name="checkFocusPassword" time="0.0">
    <ignored/>
  </testcase> <!-- checkFocusPassword -->
  <testcase classname="AddUser.AddUserTest" name="addUser" time="0.0">
    <ignored/>
  </testcase> <!-- addUser -->
  <testcase classname="AddUser.AddUserTest" name="isWebsiteFiedSave" time="0.0">
    <ignored/>
  </testcase> <!-- isWebsiteFiedSave -->
  <testcase classname="AddUser.AddUserTest" name="activeCheckBoxConfirmWeakPassword" time="0.0">
    <ignored/>
  </testcase> <!-- activeCheckBoxConfirmWeakPassword -->
</testsuite> <!-- Test email null1 -->
